<?xml version="1.0" encoding="UTF-8"?>
<!-- Generated by org.testng.reporters.JUnitReportReporter -->
<testsuite hostname="INNOL-019" failures="0" tests="1" name="testClass.AELogin" time="28.529" errors="0" timestamp="2023-12-13T16:23:58 IST" skipped="0">
  <testcase classname="testClass.AELogin" name="Login" time="28.529"/>
  <system-out/>
</testsuite> <!-- testClass.AELogin -->
