<?xml version="1.0" encoding="UTF-8"?>
<!-- Generated by org.testng.reporters.JUnitReportReporter -->
<testsuite hostname="INNOL-019" failures="0" tests="5" name="testClass.VesselSearch" time="88.477" errors="0" timestamp="2023-12-22T16:08:46 IST" skipped="0">
  <testcase classname="testClass.VesselSearch" name="vesselSearch" time="29.285"/>
  <system-out/>
  <testcase classname="testClass.VesselSearch" name="voyageSnapshot" time="12.906"/>
  <system-out/>
  <testcase classname="testClass.VesselSearch" name="crewInfo" time="17.700"/>
  <system-out/>
  <testcase classname="testClass.VesselSearch" name="financialData" time="20.257"/>
  <system-out/>
  <testcase classname="testClass.VesselSearch" name="vesselParticulars" time="8.329"/>
  <system-out/>
</testsuite> <!-- testClass.VesselSearch -->
