<?xml version="1.0" encoding="UTF-8"?>
<!-- Generated by org.testng.reporters.JUnitReportReporter -->
<testsuite hostname="INNOL-019" failures="9" tests="9" name="testClass.VesselSearchOLD" time="1873.219" errors="0" timestamp="2024-03-07T13:44:25 IST" skipped="0">
  <testcase classname="testClass.VesselSearchOLD" name="vesselSearch" time="223.926">
    <failure message="The following asserts failed:
	expected [Lookout 2023-04.pdf] but found [Lookout 2023-04],
	expected [PSC Newsletter 2023-03.pdf] but found [PSC Newsletter 2023-03],
	expected [Lookout 2017-04.pdf] but found [Lookout 2017-04],
	expected [PSC Newsletter 2017-03.pdf] but found [PSC Newsletter 2017-03],
	expected [Lookout 2017-04.pdf] but found [Lookout 2017-04],
	expected [PSC Newsletter 2017-03.pdf] but found [PSC Newsletter 2017-03]" type="java.lang.AssertionError">
      <![CDATA[java.lang.AssertionError: The following asserts failed:
expected [Lookout 2023-04.pdf] but found [Lookout 2023-04],
expected [PSC Newsletter 2023-03.pdf] but found [PSC Newsletter 2023-03],
expected [Lookout 2017-04.pdf] but found [Lookout 2017-04],
expected [PSC Newsletter 2017-03.pdf] but found [PSC Newsletter 2017-03],
expected [Lookout 2017-04.pdf] but found [Lookout 2017-04],
expected [PSC Newsletter 2017-03.pdf] but found [PSC Newsletter 2017-03]
at org.testng.asserts.SoftAssert.assertAll(SoftAssert.java:47)
at org.testng.asserts.SoftAssert.assertAll(SoftAssert.java:31)
at testClass.VesselSearchOLD.vesselSearch(VesselSearchOLD.java:361)
at java.base/jdk.internal.reflect.NativeMethodAccessorImpl.invoke0(Native Method)
at java.base/jdk.internal.reflect.NativeMethodAccessorImpl.invoke(NativeMethodAccessorImpl.java:77)
at java.base/jdk.internal.reflect.DelegatingMethodAccessorImpl.invoke(DelegatingMethodAccessorImpl.java:43)
at java.base/java.lang.reflect.Method.invoke(Method.java:568)
at org.testng.internal.MethodInvocationHelper.invokeMethod(MethodInvocationHelper.java:133)
at org.testng.internal.TestInvoker.invokeMethod(TestInvoker.java:598)
at org.testng.internal.TestInvoker.invokeTestMethod(TestInvoker.java:173)
at org.testng.internal.MethodRunner.runInSequence(MethodRunner.java:46)
at org.testng.internal.TestInvoker$MethodInvocationAgent.invoke(TestInvoker.java:824)
at org.testng.internal.TestInvoker.invokeTestMethods(TestInvoker.java:146)
at org.testng.internal.TestMethodWorker.invokeTestMethods(TestMethodWorker.java:146)
at org.testng.internal.TestMethodWorker.run(TestMethodWorker.java:128)
at java.base/java.util.ArrayList.forEach(ArrayList.java:1511)
at org.testng.TestRunner.privateRun(TestRunner.java:794)
at org.testng.TestRunner.run(TestRunner.java:596)
at org.testng.SuiteRunner.runTest(SuiteRunner.java:377)
at org.testng.SuiteRunner.runSequentially(SuiteRunner.java:371)
at org.testng.SuiteRunner.privateRun(SuiteRunner.java:332)
at org.testng.SuiteRunner.run(SuiteRunner.java:276)
at org.testng.SuiteRunnerWorker.runSuite(SuiteRunnerWorker.java:53)
at org.testng.SuiteRunnerWorker.run(SuiteRunnerWorker.java:96)
at org.testng.TestNG.runSuitesSequentially(TestNG.java:1212)
at org.testng.TestNG.runSuitesLocally(TestNG.java:1134)
at org.testng.TestNG.runSuites(TestNG.java:1063)
at org.testng.TestNG.run(TestNG.java:1031)
at org.testng.remote.AbstractRemoteTestNG.run(AbstractRemoteTestNG.java:115)
at org.testng.remote.RemoteTestNG.initAndRun(RemoteTestNG.java:251)
at org.testng.remote.RemoteTestNG.main(RemoteTestNG.java:77)
]]>
    </failure>
  </testcase> <!-- vesselSearch -->
  <system-out/>
  <testcase classname="testClass.VesselSearchOLD" name="vesselSearch" time="228.530">
    <failure message="The following asserts failed:
	expected [Lookout 2023-04.pdf] but found [Lookout 2023-04],
	expected [PSC Newsletter 2023-03.pdf] but found [PSC Newsletter 2023-03],
	expected [Lookout 2017-04.pdf] but found [Lookout 2017-04],
	expected [PSC Newsletter 2017-03.pdf] but found [PSC Newsletter 2017-03],
	expected [Lookout 2017-04.pdf] but found [Lookout 2017-04],
	expected [PSC Newsletter 2017-03.pdf] but found [PSC Newsletter 2017-03],
	PlannedOff Matched expected [2] but found [4],
	expected [Lookout 2017-04.pdf] but found [Lookout 2017-04],
	expected [PSC Newsletter 2017-03.pdf] but found [PSC Newsletter 2017-03],
	expected [Lookout 2017-04.pdf] but found [Lookout 2017-04],
	expected [PSC Newsletter 2017-03.pdf] but found [PSC Newsletter 2017-03],
	expected [Lookout 2017-04.pdf] but found [Lookout 2017-04],
	expected [PSC Newsletter 2017-03.pdf] but found [PSC Newsletter 2017-03],
	expected [Lookout 2017-04.pdf] but found [Lookout 2017-04],
	expected [PSC Newsletter 2017-03.pdf] but found [PSC Newsletter 2017-03]" type="java.lang.AssertionError">
      <![CDATA[java.lang.AssertionError: The following asserts failed:
expected [Lookout 2023-04.pdf] but found [Lookout 2023-04],
expected [PSC Newsletter 2023-03.pdf] but found [PSC Newsletter 2023-03],
expected [Lookout 2017-04.pdf] but found [Lookout 2017-04],
expected [PSC Newsletter 2017-03.pdf] but found [PSC Newsletter 2017-03],
expected [Lookout 2017-04.pdf] but found [Lookout 2017-04],
expected [PSC Newsletter 2017-03.pdf] but found [PSC Newsletter 2017-03],
PlannedOff Matched expected [2] but found [4],
expected [Lookout 2017-04.pdf] but found [Lookout 2017-04],
expected [PSC Newsletter 2017-03.pdf] but found [PSC Newsletter 2017-03],
expected [Lookout 2017-04.pdf] but found [Lookout 2017-04],
expected [PSC Newsletter 2017-03.pdf] but found [PSC Newsletter 2017-03],
expected [Lookout 2017-04.pdf] but found [Lookout 2017-04],
expected [PSC Newsletter 2017-03.pdf] but found [PSC Newsletter 2017-03],
expected [Lookout 2017-04.pdf] but found [Lookout 2017-04],
expected [PSC Newsletter 2017-03.pdf] but found [PSC Newsletter 2017-03]
at org.testng.asserts.SoftAssert.assertAll(SoftAssert.java:47)
at org.testng.asserts.SoftAssert.assertAll(SoftAssert.java:31)
at testClass.VesselSearchOLD.vesselSearch(VesselSearchOLD.java:361)
at java.base/jdk.internal.reflect.NativeMethodAccessorImpl.invoke0(Native Method)
at java.base/jdk.internal.reflect.NativeMethodAccessorImpl.invoke(NativeMethodAccessorImpl.java:77)
at java.base/jdk.internal.reflect.DelegatingMethodAccessorImpl.invoke(DelegatingMethodAccessorImpl.java:43)
at java.base/java.lang.reflect.Method.invoke(Method.java:568)
at org.testng.internal.MethodInvocationHelper.invokeMethod(MethodInvocationHelper.java:133)
at org.testng.internal.TestInvoker.invokeMethod(TestInvoker.java:598)
at org.testng.internal.TestInvoker.invokeTestMethod(TestInvoker.java:173)
at org.testng.internal.MethodRunner.runInSequence(MethodRunner.java:46)
at org.testng.internal.TestInvoker$MethodInvocationAgent.invoke(TestInvoker.java:824)
at org.testng.internal.TestInvoker.invokeTestMethods(TestInvoker.java:146)
at org.testng.internal.TestMethodWorker.invokeTestMethods(TestMethodWorker.java:146)
at org.testng.internal.TestMethodWorker.run(TestMethodWorker.java:128)
at java.base/java.util.ArrayList.forEach(ArrayList.java:1511)
at org.testng.TestRunner.privateRun(TestRunner.java:794)
at org.testng.TestRunner.run(TestRunner.java:596)
at org.testng.SuiteRunner.runTest(SuiteRunner.java:377)
at org.testng.SuiteRunner.runSequentially(SuiteRunner.java:371)
at org.testng.SuiteRunner.privateRun(SuiteRunner.java:332)
at org.testng.SuiteRunner.run(SuiteRunner.java:276)
at org.testng.SuiteRunnerWorker.runSuite(SuiteRunnerWorker.java:53)
at org.testng.SuiteRunnerWorker.run(SuiteRunnerWorker.java:96)
at org.testng.TestNG.runSuitesSequentially(TestNG.java:1212)
at org.testng.TestNG.runSuitesLocally(TestNG.java:1134)
at org.testng.TestNG.runSuites(TestNG.java:1063)
at org.testng.TestNG.run(TestNG.java:1031)
at org.testng.remote.AbstractRemoteTestNG.run(AbstractRemoteTestNG.java:115)
at org.testng.remote.RemoteTestNG.initAndRun(RemoteTestNG.java:251)
at org.testng.remote.RemoteTestNG.main(RemoteTestNG.java:77)
]]>
    </failure>
  </testcase> <!-- vesselSearch -->
  <system-out/>
  <testcase classname="testClass.VesselSearchOLD" name="vesselSearch" time="361.161">
    <failure message="The following asserts failed:
	expected [Lookout 2023-04.pdf] but found [Lookout 2023-04],
	expected [PSC Newsletter 2023-03.pdf] but found [PSC Newsletter 2023-03],
	expected [Lookout 2017-04.pdf] but found [Lookout 2017-04],
	expected [PSC Newsletter 2017-03.pdf] but found [PSC Newsletter 2017-03]" type="java.lang.AssertionError">
      <![CDATA[java.lang.AssertionError: The following asserts failed:
expected [Lookout 2023-04.pdf] but found [Lookout 2023-04],
expected [PSC Newsletter 2023-03.pdf] but found [PSC Newsletter 2023-03],
expected [Lookout 2017-04.pdf] but found [Lookout 2017-04],
expected [PSC Newsletter 2017-03.pdf] but found [PSC Newsletter 2017-03]
at org.testng.asserts.SoftAssert.assertAll(SoftAssert.java:47)
at org.testng.asserts.SoftAssert.assertAll(SoftAssert.java:31)
at testClass.VesselSearchOLD.vesselSearch(VesselSearchOLD.java:361)
at java.base/jdk.internal.reflect.NativeMethodAccessorImpl.invoke0(Native Method)
at java.base/jdk.internal.reflect.NativeMethodAccessorImpl.invoke(NativeMethodAccessorImpl.java:77)
at java.base/jdk.internal.reflect.DelegatingMethodAccessorImpl.invoke(DelegatingMethodAccessorImpl.java:43)
at java.base/java.lang.reflect.Method.invoke(Method.java:568)
at org.testng.internal.MethodInvocationHelper.invokeMethod(MethodInvocationHelper.java:133)
at org.testng.internal.TestInvoker.invokeMethod(TestInvoker.java:598)
at org.testng.internal.TestInvoker.invokeTestMethod(TestInvoker.java:173)
at org.testng.internal.MethodRunner.runInSequence(MethodRunner.java:46)
at org.testng.internal.TestInvoker$MethodInvocationAgent.invoke(TestInvoker.java:824)
at org.testng.internal.TestInvoker.invokeTestMethods(TestInvoker.java:146)
at org.testng.internal.TestMethodWorker.invokeTestMethods(TestMethodWorker.java:146)
at org.testng.internal.TestMethodWorker.run(TestMethodWorker.java:128)
at java.base/java.util.ArrayList.forEach(ArrayList.java:1511)
at org.testng.TestRunner.privateRun(TestRunner.java:794)
at org.testng.TestRunner.run(TestRunner.java:596)
at org.testng.SuiteRunner.runTest(SuiteRunner.java:377)
at org.testng.SuiteRunner.runSequentially(SuiteRunner.java:371)
at org.testng.SuiteRunner.privateRun(SuiteRunner.java:332)
at org.testng.SuiteRunner.run(SuiteRunner.java:276)
at org.testng.SuiteRunnerWorker.runSuite(SuiteRunnerWorker.java:53)
at org.testng.SuiteRunnerWorker.run(SuiteRunnerWorker.java:96)
at org.testng.TestNG.runSuitesSequentially(TestNG.java:1212)
at org.testng.TestNG.runSuitesLocally(TestNG.java:1134)
at org.testng.TestNG.runSuites(TestNG.java:1063)
at org.testng.TestNG.run(TestNG.java:1031)
at org.testng.remote.AbstractRemoteTestNG.run(AbstractRemoteTestNG.java:115)
at org.testng.remote.RemoteTestNG.initAndRun(RemoteTestNG.java:251)
at org.testng.remote.RemoteTestNG.main(RemoteTestNG.java:77)
]]>
    </failure>
  </testcase> <!-- vesselSearch -->
  <system-out/>
  <testcase classname="testClass.VesselSearchOLD" name="vesselSearch" time="234.391">
    <failure message="The following asserts failed:
	expected [Lookout 2023-04.pdf] but found [Lookout 2023-04],
	expected [PSC Newsletter 2023-03.pdf] but found [PSC Newsletter 2023-03],
	expected [Lookout 2017-04.pdf] but found [Lookout 2017-04],
	expected [PSC Newsletter 2017-03.pdf] but found [PSC Newsletter 2017-03],
	expected [Lookout 2017-04.pdf] but found [Lookout 2017-04],
	expected [PSC Newsletter 2017-03.pdf] but found [PSC Newsletter 2017-03],
	PlannedOff Matched expected [2] but found [4],
	expected [Lookout 2017-04.pdf] but found [Lookout 2017-04],
	expected [PSC Newsletter 2017-03.pdf] but found [PSC Newsletter 2017-03]" type="java.lang.AssertionError">
      <![CDATA[java.lang.AssertionError: The following asserts failed:
expected [Lookout 2023-04.pdf] but found [Lookout 2023-04],
expected [PSC Newsletter 2023-03.pdf] but found [PSC Newsletter 2023-03],
expected [Lookout 2017-04.pdf] but found [Lookout 2017-04],
expected [PSC Newsletter 2017-03.pdf] but found [PSC Newsletter 2017-03],
expected [Lookout 2017-04.pdf] but found [Lookout 2017-04],
expected [PSC Newsletter 2017-03.pdf] but found [PSC Newsletter 2017-03],
PlannedOff Matched expected [2] but found [4],
expected [Lookout 2017-04.pdf] but found [Lookout 2017-04],
expected [PSC Newsletter 2017-03.pdf] but found [PSC Newsletter 2017-03]
at org.testng.asserts.SoftAssert.assertAll(SoftAssert.java:47)
at org.testng.asserts.SoftAssert.assertAll(SoftAssert.java:31)
at testClass.VesselSearchOLD.vesselSearch(VesselSearchOLD.java:361)
at java.base/jdk.internal.reflect.NativeMethodAccessorImpl.invoke0(Native Method)
at java.base/jdk.internal.reflect.NativeMethodAccessorImpl.invoke(NativeMethodAccessorImpl.java:77)
at java.base/jdk.internal.reflect.DelegatingMethodAccessorImpl.invoke(DelegatingMethodAccessorImpl.java:43)
at java.base/java.lang.reflect.Method.invoke(Method.java:568)
at org.testng.internal.MethodInvocationHelper.invokeMethod(MethodInvocationHelper.java:133)
at org.testng.internal.TestInvoker.invokeMethod(TestInvoker.java:598)
at org.testng.internal.TestInvoker.invokeTestMethod(TestInvoker.java:173)
at org.testng.internal.MethodRunner.runInSequence(MethodRunner.java:46)
at org.testng.internal.TestInvoker$MethodInvocationAgent.invoke(TestInvoker.java:824)
at org.testng.internal.TestInvoker.invokeTestMethods(TestInvoker.java:146)
at org.testng.internal.TestMethodWorker.invokeTestMethods(TestMethodWorker.java:146)
at org.testng.internal.TestMethodWorker.run(TestMethodWorker.java:128)
at java.base/java.util.ArrayList.forEach(ArrayList.java:1511)
at org.testng.TestRunner.privateRun(TestRunner.java:794)
at org.testng.TestRunner.run(TestRunner.java:596)
at org.testng.SuiteRunner.runTest(SuiteRunner.java:377)
at org.testng.SuiteRunner.runSequentially(SuiteRunner.java:371)
at org.testng.SuiteRunner.privateRun(SuiteRunner.java:332)
at org.testng.SuiteRunner.run(SuiteRunner.java:276)
at org.testng.SuiteRunnerWorker.runSuite(SuiteRunnerWorker.java:53)
at org.testng.SuiteRunnerWorker.run(SuiteRunnerWorker.java:96)
at org.testng.TestNG.runSuitesSequentially(TestNG.java:1212)
at org.testng.TestNG.runSuitesLocally(TestNG.java:1134)
at org.testng.TestNG.runSuites(TestNG.java:1063)
at org.testng.TestNG.run(TestNG.java:1031)
at org.testng.remote.AbstractRemoteTestNG.run(AbstractRemoteTestNG.java:115)
at org.testng.remote.RemoteTestNG.initAndRun(RemoteTestNG.java:251)
at org.testng.remote.RemoteTestNG.main(RemoteTestNG.java:77)
]]>
    </failure>
  </testcase> <!-- vesselSearch -->
  <system-out/>
  <testcase classname="testClass.VesselSearchOLD" name="vesselSearch" time="295.522">
    <failure message="The following asserts failed:
	expected [Lookout 2023-04.pdf] but found [Lookout 2023-04],
	expected [PSC Newsletter 2023-03.pdf] but found [PSC Newsletter 2023-03]" type="java.lang.AssertionError">
      <![CDATA[java.lang.AssertionError: The following asserts failed:
expected [Lookout 2023-04.pdf] but found [Lookout 2023-04],
expected [PSC Newsletter 2023-03.pdf] but found [PSC Newsletter 2023-03]
at org.testng.asserts.SoftAssert.assertAll(SoftAssert.java:47)
at org.testng.asserts.SoftAssert.assertAll(SoftAssert.java:31)
at testClass.VesselSearchOLD.vesselSearch(VesselSearchOLD.java:361)
at java.base/jdk.internal.reflect.NativeMethodAccessorImpl.invoke0(Native Method)
at java.base/jdk.internal.reflect.NativeMethodAccessorImpl.invoke(NativeMethodAccessorImpl.java:77)
at java.base/jdk.internal.reflect.DelegatingMethodAccessorImpl.invoke(DelegatingMethodAccessorImpl.java:43)
at java.base/java.lang.reflect.Method.invoke(Method.java:568)
at org.testng.internal.MethodInvocationHelper.invokeMethod(MethodInvocationHelper.java:133)
at org.testng.internal.TestInvoker.invokeMethod(TestInvoker.java:598)
at org.testng.internal.TestInvoker.invokeTestMethod(TestInvoker.java:173)
at org.testng.internal.MethodRunner.runInSequence(MethodRunner.java:46)
at org.testng.internal.TestInvoker$MethodInvocationAgent.invoke(TestInvoker.java:824)
at org.testng.internal.TestInvoker.invokeTestMethods(TestInvoker.java:146)
at org.testng.internal.TestMethodWorker.invokeTestMethods(TestMethodWorker.java:146)
at org.testng.internal.TestMethodWorker.run(TestMethodWorker.java:128)
at java.base/java.util.ArrayList.forEach(ArrayList.java:1511)
at org.testng.TestRunner.privateRun(TestRunner.java:794)
at org.testng.TestRunner.run(TestRunner.java:596)
at org.testng.SuiteRunner.runTest(SuiteRunner.java:377)
at org.testng.SuiteRunner.runSequentially(SuiteRunner.java:371)
at org.testng.SuiteRunner.privateRun(SuiteRunner.java:332)
at org.testng.SuiteRunner.run(SuiteRunner.java:276)
at org.testng.SuiteRunnerWorker.runSuite(SuiteRunnerWorker.java:53)
at org.testng.SuiteRunnerWorker.run(SuiteRunnerWorker.java:96)
at org.testng.TestNG.runSuitesSequentially(TestNG.java:1212)
at org.testng.TestNG.runSuitesLocally(TestNG.java:1134)
at org.testng.TestNG.runSuites(TestNG.java:1063)
at org.testng.TestNG.run(TestNG.java:1031)
at org.testng.remote.AbstractRemoteTestNG.run(AbstractRemoteTestNG.java:115)
at org.testng.remote.RemoteTestNG.initAndRun(RemoteTestNG.java:251)
at org.testng.remote.RemoteTestNG.main(RemoteTestNG.java:77)
]]>
    </failure>
  </testcase> <!-- vesselSearch -->
  <system-out/>
  <testcase classname="testClass.VesselSearchOLD" name="vesselSearch" time="256.804">
    <failure message="The following asserts failed:
	expected [Lookout 2023-04.pdf] but found [Lookout 2023-04],
	expected [PSC Newsletter 2023-03.pdf] but found [PSC Newsletter 2023-03],
	expected [Lookout 2017-04.pdf] but found [Lookout 2017-04],
	expected [PSC Newsletter 2017-03.pdf] but found [PSC Newsletter 2017-03],
	expected [Lookout 2017-04.pdf] but found [Lookout 2017-04],
	expected [PSC Newsletter 2017-03.pdf] but found [PSC Newsletter 2017-03],
	PlannedOff Matched expected [2] but found [4],
	expected [Lookout 2017-04.pdf] but found [Lookout 2017-04],
	expected [PSC Newsletter 2017-03.pdf] but found [PSC Newsletter 2017-03],
	expected [Lookout 2017-04.pdf] but found [Lookout 2017-04],
	expected [PSC Newsletter 2017-03.pdf] but found [PSC Newsletter 2017-03]" type="java.lang.AssertionError">
      <![CDATA[java.lang.AssertionError: The following asserts failed:
expected [Lookout 2023-04.pdf] but found [Lookout 2023-04],
expected [PSC Newsletter 2023-03.pdf] but found [PSC Newsletter 2023-03],
expected [Lookout 2017-04.pdf] but found [Lookout 2017-04],
expected [PSC Newsletter 2017-03.pdf] but found [PSC Newsletter 2017-03],
expected [Lookout 2017-04.pdf] but found [Lookout 2017-04],
expected [PSC Newsletter 2017-03.pdf] but found [PSC Newsletter 2017-03],
PlannedOff Matched expected [2] but found [4],
expected [Lookout 2017-04.pdf] but found [Lookout 2017-04],
expected [PSC Newsletter 2017-03.pdf] but found [PSC Newsletter 2017-03],
expected [Lookout 2017-04.pdf] but found [Lookout 2017-04],
expected [PSC Newsletter 2017-03.pdf] but found [PSC Newsletter 2017-03]
at org.testng.asserts.SoftAssert.assertAll(SoftAssert.java:47)
at org.testng.asserts.SoftAssert.assertAll(SoftAssert.java:31)
at testClass.VesselSearchOLD.vesselSearch(VesselSearchOLD.java:361)
at java.base/jdk.internal.reflect.NativeMethodAccessorImpl.invoke0(Native Method)
at java.base/jdk.internal.reflect.NativeMethodAccessorImpl.invoke(NativeMethodAccessorImpl.java:77)
at java.base/jdk.internal.reflect.DelegatingMethodAccessorImpl.invoke(DelegatingMethodAccessorImpl.java:43)
at java.base/java.lang.reflect.Method.invoke(Method.java:568)
at org.testng.internal.MethodInvocationHelper.invokeMethod(MethodInvocationHelper.java:133)
at org.testng.internal.TestInvoker.invokeMethod(TestInvoker.java:598)
at org.testng.internal.TestInvoker.invokeTestMethod(TestInvoker.java:173)
at org.testng.internal.MethodRunner.runInSequence(MethodRunner.java:46)
at org.testng.internal.TestInvoker$MethodInvocationAgent.invoke(TestInvoker.java:824)
at org.testng.internal.TestInvoker.invokeTestMethods(TestInvoker.java:146)
at org.testng.internal.TestMethodWorker.invokeTestMethods(TestMethodWorker.java:146)
at org.testng.internal.TestMethodWorker.run(TestMethodWorker.java:128)
at java.base/java.util.ArrayList.forEach(ArrayList.java:1511)
at org.testng.TestRunner.privateRun(TestRunner.java:794)
at org.testng.TestRunner.run(TestRunner.java:596)
at org.testng.SuiteRunner.runTest(SuiteRunner.java:377)
at org.testng.SuiteRunner.runSequentially(SuiteRunner.java:371)
at org.testng.SuiteRunner.privateRun(SuiteRunner.java:332)
at org.testng.SuiteRunner.run(SuiteRunner.java:276)
at org.testng.SuiteRunnerWorker.runSuite(SuiteRunnerWorker.java:53)
at org.testng.SuiteRunnerWorker.run(SuiteRunnerWorker.java:96)
at org.testng.TestNG.runSuitesSequentially(TestNG.java:1212)
at org.testng.TestNG.runSuitesLocally(TestNG.java:1134)
at org.testng.TestNG.runSuites(TestNG.java:1063)
at org.testng.TestNG.run(TestNG.java:1031)
at org.testng.remote.AbstractRemoteTestNG.run(AbstractRemoteTestNG.java:115)
at org.testng.remote.RemoteTestNG.initAndRun(RemoteTestNG.java:251)
at org.testng.remote.RemoteTestNG.main(RemoteTestNG.java:77)
]]>
    </failure>
  </testcase> <!-- vesselSearch -->
  <system-out/>
  <testcase classname="testClass.VesselSearchOLD" name="endTest" time="0.000">
    <failure message="The following asserts failed:
	expected [Lookout 2023-04.pdf] but found [Lookout 2023-04],
	expected [PSC Newsletter 2023-03.pdf] but found [PSC Newsletter 2023-03],
	expected [Lookout 2017-04.pdf] but found [Lookout 2017-04],
	expected [PSC Newsletter 2017-03.pdf] but found [PSC Newsletter 2017-03],
	expected [Lookout 2017-04.pdf] but found [Lookout 2017-04],
	expected [PSC Newsletter 2017-03.pdf] but found [PSC Newsletter 2017-03],
	PlannedOff Matched expected [2] but found [4],
	expected [Lookout 2017-04.pdf] but found [Lookout 2017-04],
	expected [PSC Newsletter 2017-03.pdf] but found [PSC Newsletter 2017-03],
	expected [Lookout 2017-04.pdf] but found [Lookout 2017-04],
	expected [PSC Newsletter 2017-03.pdf] but found [PSC Newsletter 2017-03],
	expected [Lookout 2017-04.pdf] but found [Lookout 2017-04],
	expected [PSC Newsletter 2017-03.pdf] but found [PSC Newsletter 2017-03],
	expected [Lookout 2017-04.pdf] but found [Lookout 2017-04],
	expected [PSC Newsletter 2017-03.pdf] but found [PSC Newsletter 2017-03]" type="java.lang.AssertionError">
      <![CDATA[java.lang.AssertionError: The following asserts failed:
expected [Lookout 2023-04.pdf] but found [Lookout 2023-04],
expected [PSC Newsletter 2023-03.pdf] but found [PSC Newsletter 2023-03],
expected [Lookout 2017-04.pdf] but found [Lookout 2017-04],
expected [PSC Newsletter 2017-03.pdf] but found [PSC Newsletter 2017-03],
expected [Lookout 2017-04.pdf] but found [Lookout 2017-04],
expected [PSC Newsletter 2017-03.pdf] but found [PSC Newsletter 2017-03],
PlannedOff Matched expected [2] but found [4],
expected [Lookout 2017-04.pdf] but found [Lookout 2017-04],
expected [PSC Newsletter 2017-03.pdf] but found [PSC Newsletter 2017-03],
expected [Lookout 2017-04.pdf] but found [Lookout 2017-04],
expected [PSC Newsletter 2017-03.pdf] but found [PSC Newsletter 2017-03],
expected [Lookout 2017-04.pdf] but found [Lookout 2017-04],
expected [PSC Newsletter 2017-03.pdf] but found [PSC Newsletter 2017-03],
expected [Lookout 2017-04.pdf] but found [Lookout 2017-04],
expected [PSC Newsletter 2017-03.pdf] but found [PSC Newsletter 2017-03]
at org.testng.asserts.SoftAssert.assertAll(SoftAssert.java:47)
at org.testng.asserts.SoftAssert.assertAll(SoftAssert.java:31)
at testClass.VesselSearchOLD.endTest(VesselSearchOLD.java:387)
at java.base/jdk.internal.reflect.NativeMethodAccessorImpl.invoke0(Native Method)
at java.base/jdk.internal.reflect.NativeMethodAccessorImpl.invoke(NativeMethodAccessorImpl.java:77)
at java.base/jdk.internal.reflect.DelegatingMethodAccessorImpl.invoke(DelegatingMethodAccessorImpl.java:43)
at java.base/java.lang.reflect.Method.invoke(Method.java:568)
at org.testng.internal.MethodInvocationHelper.invokeMethod(MethodInvocationHelper.java:133)
at org.testng.internal.MethodInvocationHelper.invokeMethodConsideringTimeout(MethodInvocationHelper.java:62)
at org.testng.internal.ConfigInvoker.invokeConfigurationMethod(ConfigInvoker.java:385)
at org.testng.internal.ConfigInvoker.invokeConfigurations(ConfigInvoker.java:321)
at org.testng.internal.TestMethodWorker.invokeAfterClassMethods(TestMethodWorker.java:217)
at org.testng.internal.TestMethodWorker.run(TestMethodWorker.java:130)
at java.base/java.util.ArrayList.forEach(ArrayList.java:1511)
at org.testng.TestRunner.privateRun(TestRunner.java:794)
at org.testng.TestRunner.run(TestRunner.java:596)
at org.testng.SuiteRunner.runTest(SuiteRunner.java:377)
at org.testng.SuiteRunner.runSequentially(SuiteRunner.java:371)
at org.testng.SuiteRunner.privateRun(SuiteRunner.java:332)
at org.testng.SuiteRunner.run(SuiteRunner.java:276)
at org.testng.SuiteRunnerWorker.runSuite(SuiteRunnerWorker.java:53)
at org.testng.SuiteRunnerWorker.run(SuiteRunnerWorker.java:96)
at org.testng.TestNG.runSuitesSequentially(TestNG.java:1212)
at org.testng.TestNG.runSuitesLocally(TestNG.java:1134)
at org.testng.TestNG.runSuites(TestNG.java:1063)
at org.testng.TestNG.run(TestNG.java:1031)
at org.testng.remote.AbstractRemoteTestNG.run(AbstractRemoteTestNG.java:115)
at org.testng.remote.RemoteTestNG.initAndRun(RemoteTestNG.java:251)
at org.testng.remote.RemoteTestNG.main(RemoteTestNG.java:77)
]]>
    </failure>
  </testcase> <!-- endTest -->
  <system-out/>
  <testcase classname="testClass.VesselSearchOLD" name="vesselSearch" time="239.918">
    <failure message="The following asserts failed:
	expected [Lookout 2023-04.pdf] but found [Lookout 2023-04],
	expected [PSC Newsletter 2023-03.pdf] but found [PSC Newsletter 2023-03],
	expected [Lookout 2017-04.pdf] but found [Lookout 2017-04],
	expected [PSC Newsletter 2017-03.pdf] but found [PSC Newsletter 2017-03],
	expected [Lookout 2017-04.pdf] but found [Lookout 2017-04],
	expected [PSC Newsletter 2017-03.pdf] but found [PSC Newsletter 2017-03],
	PlannedOff Matched expected [2] but found [4],
	expected [Lookout 2017-04.pdf] but found [Lookout 2017-04],
	expected [PSC Newsletter 2017-03.pdf] but found [PSC Newsletter 2017-03],
	expected [Lookout 2017-04.pdf] but found [Lookout 2017-04],
	expected [PSC Newsletter 2017-03.pdf] but found [PSC Newsletter 2017-03],
	expected [Lookout 2017-04.pdf] but found [Lookout 2017-04],
	expected [PSC Newsletter 2017-03.pdf] but found [PSC Newsletter 2017-03]" type="java.lang.AssertionError">
      <![CDATA[java.lang.AssertionError: The following asserts failed:
expected [Lookout 2023-04.pdf] but found [Lookout 2023-04],
expected [PSC Newsletter 2023-03.pdf] but found [PSC Newsletter 2023-03],
expected [Lookout 2017-04.pdf] but found [Lookout 2017-04],
expected [PSC Newsletter 2017-03.pdf] but found [PSC Newsletter 2017-03],
expected [Lookout 2017-04.pdf] but found [Lookout 2017-04],
expected [PSC Newsletter 2017-03.pdf] but found [PSC Newsletter 2017-03],
PlannedOff Matched expected [2] but found [4],
expected [Lookout 2017-04.pdf] but found [Lookout 2017-04],
expected [PSC Newsletter 2017-03.pdf] but found [PSC Newsletter 2017-03],
expected [Lookout 2017-04.pdf] but found [Lookout 2017-04],
expected [PSC Newsletter 2017-03.pdf] but found [PSC Newsletter 2017-03],
expected [Lookout 2017-04.pdf] but found [Lookout 2017-04],
expected [PSC Newsletter 2017-03.pdf] but found [PSC Newsletter 2017-03]
at org.testng.asserts.SoftAssert.assertAll(SoftAssert.java:47)
at org.testng.asserts.SoftAssert.assertAll(SoftAssert.java:31)
at testClass.VesselSearchOLD.vesselSearch(VesselSearchOLD.java:361)
at java.base/jdk.internal.reflect.NativeMethodAccessorImpl.invoke0(Native Method)
at java.base/jdk.internal.reflect.NativeMethodAccessorImpl.invoke(NativeMethodAccessorImpl.java:77)
at java.base/jdk.internal.reflect.DelegatingMethodAccessorImpl.invoke(DelegatingMethodAccessorImpl.java:43)
at java.base/java.lang.reflect.Method.invoke(Method.java:568)
at org.testng.internal.MethodInvocationHelper.invokeMethod(MethodInvocationHelper.java:133)
at org.testng.internal.TestInvoker.invokeMethod(TestInvoker.java:598)
at org.testng.internal.TestInvoker.invokeTestMethod(TestInvoker.java:173)
at org.testng.internal.MethodRunner.runInSequence(MethodRunner.java:46)
at org.testng.internal.TestInvoker$MethodInvocationAgent.invoke(TestInvoker.java:824)
at org.testng.internal.TestInvoker.invokeTestMethods(TestInvoker.java:146)
at org.testng.internal.TestMethodWorker.invokeTestMethods(TestMethodWorker.java:146)
at org.testng.internal.TestMethodWorker.run(TestMethodWorker.java:128)
at java.base/java.util.ArrayList.forEach(ArrayList.java:1511)
at org.testng.TestRunner.privateRun(TestRunner.java:794)
at org.testng.TestRunner.run(TestRunner.java:596)
at org.testng.SuiteRunner.runTest(SuiteRunner.java:377)
at org.testng.SuiteRunner.runSequentially(SuiteRunner.java:371)
at org.testng.SuiteRunner.privateRun(SuiteRunner.java:332)
at org.testng.SuiteRunner.run(SuiteRunner.java:276)
at org.testng.SuiteRunnerWorker.runSuite(SuiteRunnerWorker.java:53)
at org.testng.SuiteRunnerWorker.run(SuiteRunnerWorker.java:96)
at org.testng.TestNG.runSuitesSequentially(TestNG.java:1212)
at org.testng.TestNG.runSuitesLocally(TestNG.java:1134)
at org.testng.TestNG.runSuites(TestNG.java:1063)
at org.testng.TestNG.run(TestNG.java:1031)
at org.testng.remote.AbstractRemoteTestNG.run(AbstractRemoteTestNG.java:115)
at org.testng.remote.RemoteTestNG.initAndRun(RemoteTestNG.java:251)
at org.testng.remote.RemoteTestNG.main(RemoteTestNG.java:77)
]]>
    </failure>
  </testcase> <!-- vesselSearch -->
  <system-out/>
  <testcase classname="testClass.VesselSearchOLD" name="vesselSearch" time="32.967">
    <failure message="vessel not founded in list expected [true] but found [false]" type="java.lang.AssertionError">
      <![CDATA[java.lang.AssertionError: vessel not founded in list expected [true] but found [false]
at org.testng.Assert.fail(Assert.java:99)
at org.testng.Assert.failNotEquals(Assert.java:1037)
at org.testng.Assert.assertTrue(Assert.java:45)
at testClass.VesselSearchOLD.vesselSearch(VesselSearchOLD.java:73)
at java.base/jdk.internal.reflect.NativeMethodAccessorImpl.invoke0(Native Method)
at java.base/jdk.internal.reflect.NativeMethodAccessorImpl.invoke(NativeMethodAccessorImpl.java:77)
at java.base/jdk.internal.reflect.DelegatingMethodAccessorImpl.invoke(DelegatingMethodAccessorImpl.java:43)
at java.base/java.lang.reflect.Method.invoke(Method.java:568)
at org.testng.internal.MethodInvocationHelper.invokeMethod(MethodInvocationHelper.java:133)
at org.testng.internal.TestInvoker.invokeMethod(TestInvoker.java:598)
at org.testng.internal.TestInvoker.invokeTestMethod(TestInvoker.java:173)
at org.testng.internal.MethodRunner.runInSequence(MethodRunner.java:46)
at org.testng.internal.TestInvoker$MethodInvocationAgent.invoke(TestInvoker.java:824)
at org.testng.internal.TestInvoker.invokeTestMethods(TestInvoker.java:146)
at org.testng.internal.TestMethodWorker.invokeTestMethods(TestMethodWorker.java:146)
at org.testng.internal.TestMethodWorker.run(TestMethodWorker.java:128)
at java.base/java.util.ArrayList.forEach(ArrayList.java:1511)
at org.testng.TestRunner.privateRun(TestRunner.java:794)
at org.testng.TestRunner.run(TestRunner.java:596)
at org.testng.SuiteRunner.runTest(SuiteRunner.java:377)
at org.testng.SuiteRunner.runSequentially(SuiteRunner.java:371)
at org.testng.SuiteRunner.privateRun(SuiteRunner.java:332)
at org.testng.SuiteRunner.run(SuiteRunner.java:276)
at org.testng.SuiteRunnerWorker.runSuite(SuiteRunnerWorker.java:53)
at org.testng.SuiteRunnerWorker.run(SuiteRunnerWorker.java:96)
at org.testng.TestNG.runSuitesSequentially(TestNG.java:1212)
at org.testng.TestNG.runSuitesLocally(TestNG.java:1134)
at org.testng.TestNG.runSuites(TestNG.java:1063)
at org.testng.TestNG.run(TestNG.java:1031)
at org.testng.remote.AbstractRemoteTestNG.run(AbstractRemoteTestNG.java:115)
at org.testng.remote.RemoteTestNG.initAndRun(RemoteTestNG.java:251)
at org.testng.remote.RemoteTestNG.main(RemoteTestNG.java:77)
]]>
    </failure>
  </testcase> <!-- vesselSearch -->
  <system-out/>
</testsuite> <!-- testClass.VesselSearchOLD -->
