<?xml version="1.0" encoding="UTF-8"?>
<!-- Generated by org.testng.reporters.JUnitReportReporter -->
<testsuite hostname="INNOL-019" failures="0" tests="2" name="testClass.VesselSearchOLD" time="252.938" errors="0" timestamp="2024-01-11T18:14:13 IST" skipped="0">
  <testcase classname="testClass.VesselSearchOLD" name="vesselSearch" time="131.269"/>
  <system-out/>
  <testcase classname="testClass.VesselSearchOLD" name="vesselSearch" time="121.669"/>
  <system-out/>
</testsuite> <!-- testClass.VesselSearchOLD -->
