<?xml version="1.0" encoding="UTF-8"?>
<!-- Generated by org.testng.reporters.JUnitReportReporter -->
<testsuite hostname="INNOL-019" failures="0" tests="1" name="testClass.VesselSearchOLD" time="89.980" errors="0" timestamp="2024-01-04T18:11:12 IST" skipped="0">
  <testcase classname="testClass.VesselSearchOLD" name="vesselSearch" time="89.980"/>
  <system-out/>
</testsuite> <!-- testClass.VesselSearchOLD -->
