<?xml version="1.0" encoding="UTF-8"?>
<!-- Generated by org.testng.reporters.JUnitReportReporter -->
<testsuite hostname="INNOL-019" failures="0" tests="5" name="testClass.VesselSearch" time="77.146" errors="0" timestamp="2023-12-28T11:46:26 IST" skipped="0">
  <testcase classname="testClass.VesselSearch" name="vesselSearch" time="30.730"/>
  <system-out/>
  <testcase classname="testClass.VesselSearch" name="voyageSnapshot" time="13.164"/>
  <system-out/>
  <testcase classname="testClass.VesselSearch" name="crewInfo" time="12.136"/>
  <system-out/>
  <testcase classname="testClass.VesselSearch" name="financialData" time="17.906"/>
  <system-out/>
  <testcase classname="testClass.VesselSearch" name="vesselParticulars" time="3.210"/>
  <system-out/>
</testsuite> <!-- testClass.VesselSearch -->
