<?xml version="1.0" encoding="UTF-8"?>
<!-- Generated by org.testng.reporters.JUnitReportReporter -->
<testsuite hostname="INNOL-019" failures="0" tests="3" name="testClass.VesselSearchOLD" time="237.086" errors="0" timestamp="2024-01-18T18:06:33 IST" skipped="0">
  <testcase classname="testClass.VesselSearchOLD" name="vesselSearch" time="114.439"/>
  <system-out/>
  <testcase classname="testClass.VesselSearchOLD" name="vesselSearch" time="76.670"/>
  <system-out/>
  <testcase classname="testClass.VesselSearchOLD" name="vesselSearch" time="45.977"/>
  <system-out/>
</testsuite> <!-- testClass.VesselSearchOLD -->
