<?xml version="1.0" encoding="UTF-8"?>
<!-- Generated by org.testng.reporters.JUnitReportReporter -->
<testsuite hostname="INNOL-019" failures="0" tests="5" name="testClass.VesselSearch2" time="71.355" errors="0" timestamp="2023-10-23T11:38:50 IST" skipped="0">
  <testcase classname="testClass.VesselSearch2" name="vesselSearch" time="15.544"/>
  <system-out/>
  <testcase classname="testClass.VesselSearch2" name="voyageSnapshot" time="12.387"/>
  <system-out/>
  <testcase classname="testClass.VesselSearch2" name="crewInfo" time="20.423"/>
  <system-out/>
  <testcase classname="testClass.VesselSearch2" name="Financial" time="16.424"/>
  <system-out/>
  <testcase classname="testClass.VesselSearch2" name="Particulars" time="6.577"/>
  <system-out/>
</testsuite> <!-- testClass.VesselSearch2 -->
