<?xml version="1.0" encoding="UTF-8"?>
<!-- Generated by org.testng.reporters.JUnitReportReporter -->
<testsuite hostname="INNOL-019" failures="0" tests="1" name="testclasses.NewTest" time="6.088" errors="0" timestamp="2023-10-10T16:22:19 IST" skipped="0">
  <testcase classname="testclasses.NewTest" name="demoClass" time="6.088"/>
  <system-out/>
</testsuite> <!-- testclasses.NewTest -->
